[07:51:55] [DEBUG] Loading API from .\ScriptHookVDotNet2.dll ...
[07:51:55] [DEBUG] Loading API from .\ScriptHookVDotNet3.dll ...
[07:51:55] [DEBUG] Loading scripts from H:\Grand Theft Auto V\scripts ...
[07:51:55] [DEBUG] Loading assembly ClearScript.dll ...
[07:51:55] [INFO] Found 0 script(s) in ClearScript.dll.
[07:51:55] [DEBUG] Loading assembly GTACoOp.dll ...
[07:51:55] [INFO] Found 2 script(s) in GTACoOp.dll resolved to API 2.10.12.
[07:51:55] [DEBUG] Loading assembly GTBikeV.dll ...
[07:51:55] [INFO] Found 1 script(s) in GTBikeV.dll resolved to API 3.0.2.
[07:51:55] [DEBUG] Loading assembly Lidgren.Network.dll ...
[07:51:55] [INFO] Found 0 script(s) in Lidgren.Network.dll.
[07:51:55] [DEBUG] Loading assembly MapEditor.dll ...
[07:51:55] [WARNING] Resolving API version 0.0.0.
[07:51:55] [INFO] Found 2 script(s) in MapEditor.dll resolved to API 2.10.12.
[07:51:55] [DEBUG] Loading assembly MaxMind.Db.dll ...
[07:51:55] [INFO] Found 0 script(s) in MaxMind.Db.dll.
[07:51:55] [DEBUG] Loading assembly MaxMind.GeoIP2.dll ...
[07:51:55] [INFO] Found 0 script(s) in MaxMind.GeoIP2.dll.
[07:51:55] [DEBUG] Loading assembly NativeUI.dll ...
[07:51:55] [INFO] Found 1 script(s) in NativeUI.dll resolved to API 2.10.12.
[07:51:55] [DEBUG] Loading assembly NAudio.dll ...
[07:51:55] [INFO] Found 0 script(s) in NAudio.dll.
[07:51:55] [DEBUG] Loading assembly Newtonsoft.Json.dll ...
[07:51:55] [INFO] Found 0 script(s) in Newtonsoft.Json.dll.
[07:51:55] [DEBUG] Loading assembly protobuf-net.dll ...
[07:51:56] [INFO] Found 0 script(s) in protobuf-net.dll.
[07:51:56] [DEBUG] Loading assembly System.Collections.Immutable.dll ...
[07:51:56] [INFO] Found 0 script(s) in System.Collections.Immutable.dll.
[07:51:56] [DEBUG] Instantiating script GTACoOp.Main ...
[07:51:57] [INFO] Started script GTACoOp.Main.
[07:51:57] [DEBUG] Instantiating script GTACoOp.PedThread ...
[07:51:57] [INFO] Started script GTACoOp.PedThread.
[07:51:57] [DEBUG] Instantiating script GTBikeV.Cyclist ...
[07:51:57] [INFO] Started script GTBikeV.Cyclist.
[07:51:57] [DEBUG] Instantiating script MapEditor.JavascriptHook ...
[07:51:57] [INFO] Started script MapEditor.JavascriptHook.
[07:51:57] [DEBUG] Instantiating script MapEditor.MapEditor ...
[07:51:58] [INFO] Started script MapEditor.MapEditor.
[07:51:58] [DEBUG] Instantiating script NativeUI.BigMessageThread ...
[07:51:58] [INFO] Started script NativeUI.BigMessageThread.
